[35m[1mScanning dependencies of target testnavigation[0m
[ 20%] [32mBuilding CXX object CMakeFiles/navigator.dir/src/navigation.cpp.o[0m
[ 40%] [32mBuilding CXX object CMakeFiles/testnavigation.dir/src/testnavigator.cpp.o[0m
[ 60%] [32mBuilding CXX object CMakeFiles/testnavigation.dir/src/navigation.cpp.o[0m
[01m[K/home/sam/CSE180/src/final/src/navigation.cpp:18:10:[m[K [01;31m[Kfatal error: [m[Knavigation/navigation.hpp: No such file or directory
   18 | #include [01;31m[K<navigation/navigation.hpp>[m[K
      |          [01;31m[K^~~~~~~~~~~~~~~~~~~~~~~~~~~[m[K
compilation terminated.
make[2]: *** [CMakeFiles/navigator.dir/build.make:63: CMakeFiles/navigator.dir/src/navigation.cpp.o] Error 1
make[1]: *** [CMakeFiles/Makefile2:107: CMakeFiles/navigator.dir/all] Error 2
make[1]: *** Waiting for unfinished jobs....
[01m[K/home/sam/CSE180/src/final/src/navigation.cpp:18:10:[m[K [01;31m[Kfatal error: [m[Knavigation/navigation.hpp: No such file or directory
   18 | #include [01;31m[K<navigation/navigation.hpp>[m[K
      |          [01;31m[K^~~~~~~~~~~~~~~~~~~~~~~~~~~[m[K
compilation terminated.
make[2]: *** [CMakeFiles/testnavigation.dir/build.make:76: CMakeFiles/testnavigation.dir/src/navigation.cpp.o] Error 1
make[2]: *** Waiting for unfinished jobs....
make[1]: *** [CMakeFiles/Makefile2:80: CMakeFiles/testnavigation.dir/all] Error 2
make: *** [Makefile:141: all] Error 2
