[0.010s] Invoking command in '/home/sam/CSE180/build/final': CMAKE_PREFIX_PATH=${CMAKE_PREFIX_PATH}:/home/sam/MRTP/MRTP/install/gazeboenvs:/opt/ros/foxy /usr/bin/cmake --build /home/sam/CSE180/build/final -- -j8 -l8
[0.039s] [35m[1mScanning dependencies of target testnavigation[0m
[0.047s] [ 20%] [32mBuilding CXX object CMakeFiles/navigator.dir/src/navigation.cpp.o[0m
[0.060s] [ 40%] [32mBuilding CXX object CMakeFiles/testnavigation.dir/src/testnavigator.cpp.o[0m
[0.060s] [ 60%] [32mBuilding CXX object CMakeFiles/testnavigation.dir/src/navigation.cpp.o[0m
[0.110s] [01m[K/home/sam/CSE180/src/final/src/navigation.cpp:18:10:[m[K [01;31m[Kfatal error: [m[Knavigation/navigation.hpp: No such file or directory
[0.111s]    18 | #include [01;31m[K<navigation/navigation.hpp>[m[K
[0.111s]       |          [01;31m[K^~~~~~~~~~~~~~~~~~~~~~~~~~~[m[K
[0.111s] compilation terminated.
[0.112s] make[2]: *** [CMakeFiles/navigator.dir/build.make:63: CMakeFiles/navigator.dir/src/navigation.cpp.o] Error 1
[0.112s] make[1]: *** [CMakeFiles/Makefile2:107: CMakeFiles/navigator.dir/all] Error 2
[0.112s] make[1]: *** Waiting for unfinished jobs....
[0.124s] [01m[K/home/sam/CSE180/src/final/src/navigation.cpp:18:10:[m[K [01;31m[Kfatal error: [m[Knavigation/navigation.hpp: No such file or directory
[0.125s]    18 | #include [01;31m[K<navigation/navigation.hpp>[m[K
[0.125s]       |          [01;31m[K^~~~~~~~~~~~~~~~~~~~~~~~~~~[m[K
[0.125s] compilation terminated.
[0.126s] make[2]: *** [CMakeFiles/testnavigation.dir/build.make:76: CMakeFiles/testnavigation.dir/src/navigation.cpp.o] Error 1
[0.126s] make[2]: *** Waiting for unfinished jobs....
[1.388s] make[1]: *** [CMakeFiles/Makefile2:80: CMakeFiles/testnavigation.dir/all] Error 2
[1.388s] make: *** [Makefile:141: all] Error 2
[1.390s] Invoked command in '/home/sam/CSE180/build/final' returned '2': CMAKE_PREFIX_PATH=${CMAKE_PREFIX_PATH}:/home/sam/MRTP/MRTP/install/gazeboenvs:/opt/ros/foxy /usr/bin/cmake --build /home/sam/CSE180/build/final -- -j8 -l8
