[0.010s] Invoking command in '/home/sam/CSE180/build/final': CMAKE_PREFIX_PATH=${CMAKE_PREFIX_PATH}:/home/sam/MRTP/MRTP/install/gazeboenvs:/opt/ros/foxy /usr/bin/cmake --build /home/sam/CSE180/build/final -- -j8 -l8
[0.028s] -- Found ament_cmake: 0.9.11 (/opt/ros/foxy/share/ament_cmake/cmake)
[0.042s] -- Using PYTHON_EXECUTABLE: /usr/bin/python3
[0.140s] -- Found rclcpp: 2.4.2 (/opt/ros/foxy/share/rclcpp/cmake)
[0.160s] -- Using all available rosidl_typesupport_c: rosidl_typesupport_fastrtps_c;rosidl_typesupport_introspection_c
[0.162s] -- Found rosidl_adapter: 1.3.0 (/opt/ros/foxy/share/rosidl_adapter/cmake)
[0.238s] -- Using all available rosidl_typesupport_cpp: rosidl_typesupport_fastrtps_cpp;rosidl_typesupport_introspection_cpp
[0.271s] -- Found rmw_implementation_cmake: 1.0.4 (/opt/ros/foxy/share/rmw_implementation_cmake/cmake)
[0.272s] -- Using RMW implementation 'rmw_fastrtps_cpp' as default
[0.367s] -- Found geometry_msgs: 2.0.5 (/opt/ros/foxy/share/geometry_msgs/cmake)
[0.389s] -- Found nav_msgs: 2.0.5 (/opt/ros/foxy/share/nav_msgs/cmake)
[0.436s] -- Found nav2_msgs: 0.4.7 (/opt/ros/foxy/share/nav2_msgs/cmake)
[0.614s] -- Found rclcpp_action: 2.4.2 (/opt/ros/foxy/share/rclcpp_action/cmake)
[0.634s] -- Found lifecycle_msgs: 1.0.0 (/opt/ros/foxy/share/lifecycle_msgs/cmake)
[0.640s] -- Found ament_lint_auto: 0.9.8 (/opt/ros/foxy/share/ament_lint_auto/cmake)
[0.681s] -- Added test 'copyright' to check source files copyright and LICENSE
[0.681s] -- Added test 'cppcheck' to perform static code analysis on C / C++ code
[0.681s] -- Configured cppcheck include dirs: $<BUILD_INTERFACE:/home/sam/CSE180/src/final/include>
[0.681s] -- Configured cppcheck exclude dirs and/or files: 
[0.681s] -- Added test 'cpplint' to check C / C++ code against the Google style
[0.681s] -- Configured cpplint exclude dirs and/or files: 
[0.682s] -- Added test 'lint_cmake' to check CMake code style
[0.682s] -- Added test 'uncrustify' to check C / C++ code style
[0.682s] -- Configured uncrustify additional arguments: 
[0.682s] -- Added test 'xmllint' to check XML markup files
[0.684s] -- Configuring done
[0.693s] -- Generating done
[0.694s] -- Build files have been written to: /home/sam/CSE180/build/final
[0.710s] [35m[1mScanning dependencies of target navigator[0m
[0.710s] [35m[1mScanning dependencies of target testnavigation[0m
[0.731s] [ 20%] [32mBuilding CXX object CMakeFiles/navigator.dir/src/navigation.cpp.o[0m
[0.732s] [ 40%] [32mBuilding CXX object CMakeFiles/testnavigation.dir/src/testnavigator.cpp.o[0m
[0.732s] [ 60%] [32mBuilding CXX object CMakeFiles/testnavigation.dir/src/navigation.cpp.o[0m
[0.794s] [01m[K/home/sam/CSE180/src/final/src/navigation.cpp:18:10:[m[K [01;31m[Kfatal error: [m[Knavigation/navigation.hpp: No such file or directory
[0.794s]    18 | #include [01;31m[K<navigation/navigation.hpp>[m[K
[0.795s]       |          [01;31m[K^~~~~~~~~~~~~~~~~~~~~~~~~~~[m[K
[0.795s] compilation terminated.
[0.795s] [01m[K/home/sam/CSE180/src/final/src/navigation.cpp:18:10:[m[K [01;31m[Kfatal error: [m[Knavigation/navigation.hpp: No such file or directory
[0.795s]    18 | #include [01;31m[K<navigation/navigation.hpp>[m[K
[0.795s]       |          [01;31m[K^~~~~~~~~~~~~~~~~~~~~~~~~~~[m[K
[0.795s] compilation terminated.
[0.795s] [01m[K/home/sam/CSE180/src/final/src/testnavigator.cpp:18:10:[m[K [01;31m[Kfatal error: [m[Knavigation/navigation.hpp: No such file or directory
[0.795s]    18 | #include [01;31m[K<navigation/navigation.hpp>[m[K
[0.795s]       |          [01;31m[K^~~~~~~~~~~~~~~~~~~~~~~~~~~[m[K
[0.795s] compilation terminated.
[0.796s] make[2]: *** [CMakeFiles/testnavigation.dir/build.make:76: CMakeFiles/testnavigation.dir/src/navigation.cpp.o] Error 1
[0.796s] make[2]: *** Waiting for unfinished jobs....
[0.796s] make[2]: *** [CMakeFiles/navigator.dir/build.make:63: CMakeFiles/navigator.dir/src/navigation.cpp.o] Error 1
[0.796s] make[1]: *** [CMakeFiles/Makefile2:107: CMakeFiles/navigator.dir/all] Error 2
[0.797s] make[2]: *** [CMakeFiles/testnavigation.dir/build.make:63: CMakeFiles/testnavigation.dir/src/testnavigator.cpp.o] Error 1
[0.797s] make[1]: *** Waiting for unfinished jobs....
[0.797s] make[1]: *** [CMakeFiles/Makefile2:80: CMakeFiles/testnavigation.dir/all] Error 2
[0.797s] make: *** [Makefile:141: all] Error 2
[0.798s] Invoked command in '/home/sam/CSE180/build/final' returned '2': CMAKE_PREFIX_PATH=${CMAKE_PREFIX_PATH}:/home/sam/MRTP/MRTP/install/gazeboenvs:/opt/ros/foxy /usr/bin/cmake --build /home/sam/CSE180/build/final -- -j8 -l8
