[01m[K/home/sam/CSE180/src/final/src/testnavigator.cpp:18:10:[m[K [01;31m[Kfatal error: [m[Knavigation/navigation.hpp: No such file or directory
   18 | #include [01;31m[K<navigation/navigation.hpp>[m[K
      |          [01;31m[K^~~~~~~~~~~~~~~~~~~~~~~~~~~[m[K
compilation terminated.
make[2]: *** [CMakeFiles/testnavigator.dir/build.make:63: CMakeFiles/testnavigator.dir/src/testnavigator.cpp.o] Error 1
make[1]: *** [CMakeFiles/Makefile2:78: CMakeFiles/testnavigator.dir/all] Error 2
make: *** [Makefile:141: all] Error 2
