[0.010s] Invoking command in '/home/sam/CSE180/build/final': CMAKE_PREFIX_PATH=${CMAKE_PREFIX_PATH}:/home/sam/MRTP/MRTP/install/gazeboenvs:/opt/ros/foxy /usr/bin/cmake /home/sam/CSE180/src/final -DCMAKE_INSTALL_PREFIX=/home/sam/CSE180/install/final
[0.044s] -- The C compiler identification is GNU 9.4.0
[0.082s] -- The CXX compiler identification is GNU 9.4.0
[0.085s] -- Check for working C compiler: /usr/bin/cc
[0.127s] -- Check for working C compiler: /usr/bin/cc -- works
[0.128s] -- Detecting C compiler ABI info
[0.173s] -- Detecting C compiler ABI info - done
[0.181s] -- Detecting C compile features
[0.181s] -- Detecting C compile features - done
[0.183s] -- Check for working CXX compiler: /usr/bin/c++
[0.234s] -- Check for working CXX compiler: /usr/bin/c++ -- works
[0.235s] -- Detecting CXX compiler ABI info
[0.299s] -- Detecting CXX compiler ABI info - done
[0.306s] -- Detecting CXX compile features
[0.306s] -- Detecting CXX compile features - done
[0.308s] -- Found ament_cmake: 0.9.11 (/opt/ros/foxy/share/ament_cmake/cmake)
[0.323s] -- Found PythonInterp: /usr/bin/python3 (found suitable version "3.8.10", minimum required is "3") 
[0.323s] -- Using PYTHON_EXECUTABLE: /usr/bin/python3
[0.432s] -- Found rclcpp: 2.4.2 (/opt/ros/foxy/share/rclcpp/cmake)
[0.460s] -- Using all available rosidl_typesupport_c: rosidl_typesupport_fastrtps_c;rosidl_typesupport_introspection_c
[0.464s] -- Found rosidl_adapter: 1.3.0 (/opt/ros/foxy/share/rosidl_adapter/cmake)
[0.508s] -- Found OpenSSL: /usr/lib/x86_64-linux-gnu/libcrypto.so (found version "1.1.1f")  
[0.526s] -- Found FastRTPS: /opt/ros/foxy/include  
[0.576s] -- Using all available rosidl_typesupport_cpp: rosidl_typesupport_fastrtps_cpp;rosidl_typesupport_introspection_cpp
[0.612s] -- Found rmw_implementation_cmake: 1.0.4 (/opt/ros/foxy/share/rmw_implementation_cmake/cmake)
[0.613s] -- Using RMW implementation 'rmw_fastrtps_cpp' as default
[0.614s] -- Looking for pthread.h
[0.672s] -- Looking for pthread.h - found
[0.673s] -- Performing Test CMAKE_HAVE_LIBC_PTHREAD
[0.725s] -- Performing Test CMAKE_HAVE_LIBC_PTHREAD - Failed
[0.725s] -- Looking for pthread_create in pthreads
[0.763s] -- Looking for pthread_create in pthreads - not found
[0.763s] -- Looking for pthread_create in pthread
[0.807s] -- Looking for pthread_create in pthread - found
[0.808s] -- Found Threads: TRUE  
[0.904s] -- Found geometry_msgs: 2.0.5 (/opt/ros/foxy/share/geometry_msgs/cmake)
[0.927s] -- Found nav_msgs: 2.0.5 (/opt/ros/foxy/share/nav_msgs/cmake)
[0.974s] -- Found nav2_msgs: 0.4.7 (/opt/ros/foxy/share/nav2_msgs/cmake)
[1.149s] -- Found rclcpp_action: 2.4.2 (/opt/ros/foxy/share/rclcpp_action/cmake)
[1.171s] -- Found lifecycle_msgs: 1.0.0 (/opt/ros/foxy/share/lifecycle_msgs/cmake)
[1.177s] -- Found ament_lint_auto: 0.9.8 (/opt/ros/foxy/share/ament_lint_auto/cmake)
[1.223s] -- Added test 'copyright' to check source files copyright and LICENSE
[1.223s] -- Added test 'cppcheck' to perform static code analysis on C / C++ code
[1.223s] -- Configured cppcheck include dirs: $<BUILD_INTERFACE:/home/sam/CSE180/src/final/include>
[1.223s] -- Configured cppcheck exclude dirs and/or files: 
[1.224s] -- Added test 'cpplint' to check C / C++ code against the Google style
[1.224s] -- Configured cpplint exclude dirs and/or files: 
[1.224s] -- Added test 'lint_cmake' to check CMake code style
[1.224s] -- Added test 'uncrustify' to check C / C++ code style
[1.224s] -- Configured uncrustify additional arguments: 
[1.225s] -- Added test 'xmllint' to check XML markup files
[1.227s] -- Configuring done
[1.233s] -- Generating done
[1.234s] -- Build files have been written to: /home/sam/CSE180/build/final
[1.241s] Invoked command in '/home/sam/CSE180/build/final' returned '0': CMAKE_PREFIX_PATH=${CMAKE_PREFIX_PATH}:/home/sam/MRTP/MRTP/install/gazeboenvs:/opt/ros/foxy /usr/bin/cmake /home/sam/CSE180/src/final -DCMAKE_INSTALL_PREFIX=/home/sam/CSE180/install/final
[1.242s] Invoking command in '/home/sam/CSE180/build/final': CMAKE_PREFIX_PATH=${CMAKE_PREFIX_PATH}:/home/sam/MRTP/MRTP/install/gazeboenvs:/opt/ros/foxy /usr/bin/cmake --build /home/sam/CSE180/build/final -- -j8 -l8
[1.267s] [35m[1mScanning dependencies of target testnavigator[0m
[1.285s] [ 50%] [32mBuilding CXX object CMakeFiles/testnavigator.dir/src/testnavigator.cpp.o[0m
[1.345s] [01m[K/home/sam/CSE180/src/final/src/testnavigator.cpp:18:10:[m[K [01;31m[Kfatal error: [m[Knavigation/navigation.hpp: No such file or directory
[1.345s]    18 | #include [01;31m[K<navigation/navigation.hpp>[m[K
[1.345s]       |          [01;31m[K^~~~~~~~~~~~~~~~~~~~~~~~~~~[m[K
[1.345s] compilation terminated.
[1.347s] make[2]: *** [CMakeFiles/testnavigator.dir/build.make:63: CMakeFiles/testnavigator.dir/src/testnavigator.cpp.o] Error 1
[1.347s] make[1]: *** [CMakeFiles/Makefile2:78: CMakeFiles/testnavigator.dir/all] Error 2
[1.347s] make: *** [Makefile:141: all] Error 2
[1.348s] Invoked command in '/home/sam/CSE180/build/final' returned '2': CMAKE_PREFIX_PATH=${CMAKE_PREFIX_PATH}:/home/sam/MRTP/MRTP/install/gazeboenvs:/opt/ros/foxy /usr/bin/cmake --build /home/sam/CSE180/build/final -- -j8 -l8
